<?xml version="1.0" encoding="UTF-8"?>
<!-- Generated by org.testng.reporters.JUnitReportReporter -->
<testsuite skipped="0" hostname="DESKTOP-IUQKNDU" name="seleniumEasyTestCases.InputFormsTest" tests="1" failures="0" timestamp="22 Jul 2019 17:34:39 GMT" time="0.007" errors="0">
  <testcase name="message" time="0.007" classname="seleniumEasyTestCases.InputFormsTest"/>
</testsuite> <!-- seleniumEasyTestCases.InputFormsTest -->
