<?xml version="1.0" encoding="UTF-8"?>
<!-- Generated by org.testng.reporters.JUnitReportReporter -->
<testsuite skipped="0" hostname="DESKTOP-IUQKNDU" name="seleniumEasyTestCases.CheckBoxDemoPageTest" tests="2" failures="0" timestamp="05 Aug 2019 17:53:21 GMT" time="1.625" errors="0">
  <testcase name="verifyClickOnSingleCheckBoxTest" time="0.602" classname="seleniumEasyTestCases.CheckBoxDemoPageTest"/>
  <testcase name="verifyCheckBoxDemoPageTitleTest" time="1.023" classname="seleniumEasyTestCases.CheckBoxDemoPageTest"/>
</testsuite> <!-- seleniumEasyTestCases.CheckBoxDemoPageTest -->
