<?xml version="1.0" encoding="UTF-8"?>
<!-- Generated by org.testng.reporters.JUnitReportReporter -->
<testsuite skipped="0" hostname="DESKTOP-IUQKNDU" name="seleniumEasyTestCases.SimpleFormPageTest" tests="2" failures="0" timestamp="26 Jul 2019 19:07:33 GMT" time="1.960" errors="0">
  <testcase name="verifyYourMessageTextTest" time="0.848" classname="seleniumEasyTestCases.SimpleFormPageTest"/>
  <testcase name="verifySimpleFormPageTitleTest" time="1.112" classname="seleniumEasyTestCases.SimpleFormPageTest"/>
</testsuite> <!-- seleniumEasyTestCases.SimpleFormPageTest -->
