<?xml version="1.0" encoding="UTF-8"?>
<!-- Generated by org.testng.reporters.JUnitReportReporter -->
<testsuite skipped="0" hostname="DESKTOP-IUQKNDU" name="seleniumEasyTestCases.HomePageTest" tests="3" failures="0" timestamp="26 Jul 2019 19:26:40 GMT" time="1.771" errors="0">
  <testcase name="verifyHomePageTitleTest" time="0.022" classname="seleniumEasyTestCases.HomePageTest"/>
  <testcase name="clickOnSimpleFormPageLinkTest" time="0.916" classname="seleniumEasyTestCases.HomePageTest"/>
  <testcase name="clickOnBootStrapDatePickerTest" time="0.833" classname="seleniumEasyTestCases.HomePageTest"/>
</testsuite> <!-- seleniumEasyTestCases.HomePageTest -->
