<?xml version="1.0" encoding="UTF-8"?>
<!-- Generated by org.testng.reporters.JUnitReportReporter -->
<testsuite skipped="0" hostname="DESKTOP-IUQKNDU" name="seleniumEasyTestCases.BootStrapDatePickerPageTest" tests="2" failures="0" timestamp="05 Aug 2019 15:08:55 GMT" time="11.943" errors="0">
  <testcase name="selectDateTest" time="11.455" classname="seleniumEasyTestCases.BootStrapDatePickerPageTest"/>
  <testcase name="verifyBootStrapDatePickerPageTitleTest" time="0.488" classname="seleniumEasyTestCases.BootStrapDatePickerPageTest"/>
</testsuite> <!-- seleniumEasyTestCases.BootStrapDatePickerPageTest -->
